  [1m[36m (44.1ms)[0m  [1mCREATE TABLE "schema_migrations" ("version" varchar(255) NOT NULL) [0m
  [1m[35m (0.1ms)[0m  select sqlite_version(*)
  [1m[36m (4.5ms)[0m  [1mCREATE UNIQUE INDEX "unique_schema_migrations" ON "schema_migrations" ("version")[0m
  [1m[35mActiveRecord::SchemaMigration Load (0.5ms)[0m  SELECT "schema_migrations".* FROM "schema_migrations"
Migrating to DeviseCreateUsers (20141212160614)
  [1m[36m (0.1ms)[0m  [1mbegin transaction[0m
  [1m[35m (2.3ms)[0m  CREATE TABLE "users" ("id" INTEGER PRIMARY KEY AUTOINCREMENT NOT NULL, "email" varchar(255) DEFAULT '' NOT NULL, "encrypted_password" varchar(255) DEFAULT '' NOT NULL, "reset_password_token" varchar(255), "reset_password_sent_at" datetime, "remember_created_at" datetime, "sign_in_count" integer DEFAULT 0 NOT NULL, "current_sign_in_at" datetime, "last_sign_in_at" datetime, "current_sign_in_ip" varchar(255), "last_sign_in_ip" varchar(255), "created_at" datetime, "updated_at" datetime) 
  [1m[36m (0.4ms)[0m  [1mCREATE UNIQUE INDEX "index_users_on_email" ON "users" ("email")[0m
  [1m[35m (0.1ms)[0m              SELECT sql
            FROM sqlite_master
            WHERE name='index_users_on_email' AND type='index'
            UNION ALL
            SELECT sql
            FROM sqlite_temp_master
            WHERE name='index_users_on_email' AND type='index'

  [1m[36m (0.4ms)[0m  [1mCREATE UNIQUE INDEX "index_users_on_reset_password_token" ON "users" ("reset_password_token")[0m
  [1m[35mSQL (0.3ms)[0m  INSERT INTO "schema_migrations" ("version") VALUES (?)  [["version", "20141212160614"]]
  [1m[36m (3.2ms)[0m  [1mcommit transaction[0m
Migrating to AddNameToUsers (20141212160617)
  [1m[35m (0.1ms)[0m  begin transaction
  [1m[36m (2.4ms)[0m  [1mALTER TABLE "users" ADD "name" varchar(255)[0m
  [1m[35mSQL (0.2ms)[0m  INSERT INTO "schema_migrations" ("version") VALUES (?)  [["version", "20141212160617"]]
  [1m[36m (2.8ms)[0m  [1mcommit transaction[0m
  [1m[35mActiveRecord::SchemaMigration Load (0.6ms)[0m  SELECT "schema_migrations".* FROM "schema_migrations"
  [1m[36m (0.4ms)[0m  [1m            SELECT sql
            FROM sqlite_master
            WHERE name='index_users_on_reset_password_token' AND type='index'
            UNION ALL
            SELECT sql
            FROM sqlite_temp_master
            WHERE name='index_users_on_reset_password_token' AND type='index'
[0m
  [1m[35m (0.6ms)[0m              SELECT sql
            FROM sqlite_master
            WHERE name='index_users_on_email' AND type='index'
            UNION ALL
            SELECT sql
            FROM sqlite_temp_master
            WHERE name='index_users_on_email' AND type='index'

  [1m[36mActiveRecord::SchemaMigration Load (0.5ms)[0m  [1mSELECT "schema_migrations".* FROM "schema_migrations"[0m
  [1m[35mActiveRecord::SchemaMigration Load (1.6ms)[0m  SELECT "schema_migrations".* FROM "schema_migrations"
  [1m[36m (0.4ms)[0m  [1m            SELECT sql
            FROM sqlite_master
            WHERE name='index_users_on_reset_password_token' AND type='index'
            UNION ALL
            SELECT sql
            FROM sqlite_temp_master
            WHERE name='index_users_on_reset_password_token' AND type='index'
[0m
  [1m[35m (0.4ms)[0m              SELECT sql
            FROM sqlite_master
            WHERE name='index_users_on_email' AND type='index'
            UNION ALL
            SELECT sql
            FROM sqlite_temp_master
            WHERE name='index_users_on_email' AND type='index'

  [1m[36mActiveRecord::SchemaMigration Load (0.5ms)[0m  [1mSELECT "schema_migrations".* FROM "schema_migrations"[0m
  [1m[35mUser Load (0.5ms)[0m  SELECT  "users".* FROM "users"  WHERE "users"."email" = 'user@example.com' LIMIT 1
  [1m[36m (0.1ms)[0m  [1mbegin transaction[0m
  [1m[35mUser Exists (0.8ms)[0m  SELECT  1 AS one FROM "users"  WHERE "users"."email" = 'user@example.com' LIMIT 1
Binary data inserted for `string` type on column `encrypted_password`
  [1m[36mSQL (2.4ms)[0m  [1mINSERT INTO "users" ("created_at", "email", "encrypted_password", "updated_at") VALUES (?, ?, ?, ?)[0m  [["created_at", "2014-12-12 16:06:51.443174"], ["email", "user@example.com"], ["encrypted_password", "$2a$10$hI3U1xeLNDGw7HLjxM.vyetOhoQMm9AQcPKFAi5oQhlXGl7GDgPtm"], ["updated_at", "2014-12-12 16:06:51.443174"]]
  [1m[35m (3.9ms)[0m  commit transaction


Started GET "/" for 127.0.0.1 at 2014-12-13 00:12:06 +0800
  [1m[36mActiveRecord::SchemaMigration Load (0.8ms)[0m  [1mSELECT "schema_migrations".* FROM "schema_migrations"[0m
Processing by VisitorsController#index as HTML
  [1m[35m (0.6ms)[0m  SELECT COUNT(*) FROM "users"
  Rendered visitors/index.html.erb within layouts/application (10.4ms)
  Rendered layouts/_navigation_links.html.erb (5.9ms)
  Rendered layouts/_navigation.html.erb (15.6ms)
  Rendered layouts/_messages.html.erb (1.0ms)
Completed 200 OK in 1026ms (Views: 1007.6ms | ActiveRecord: 2.7ms)


Started GET "/" for 127.0.0.1 at 2014-12-13 00:12:11 +0800
Processing by VisitorsController#index as HTML
  [1m[36m (1.0ms)[0m  [1mSELECT COUNT(*) FROM "users"[0m
  Rendered visitors/index.html.erb within layouts/application (2.8ms)
  Rendered layouts/_navigation_links.html.erb (1.6ms)
  Rendered layouts/_navigation.html.erb (15.9ms)
  Rendered layouts/_messages.html.erb (0.7ms)
Completed 200 OK in 162ms (Views: 159.8ms | ActiveRecord: 1.0ms)


Started GET "/users/sign_in" for 127.0.0.1 at 2014-12-13 00:12:12 +0800
Processing by Devise::SessionsController#new as HTML
  Rendered /usr/local/lib/ruby/gems/2.1.0/gems/devise-3.4.1/app/views/devise/shared/_links.html.erb (1.9ms)
  Rendered /usr/local/lib/ruby/gems/2.1.0/gems/devise-3.4.1/app/views/devise/sessions/new.html.erb within layouts/application (504.7ms)
  Rendered layouts/_navigation_links.html.erb (0.9ms)
  Rendered layouts/_navigation.html.erb (9.9ms)
  Rendered layouts/_messages.html.erb (0.2ms)
Completed 200 OK in 674ms (Views: 651.0ms | ActiveRecord: 0.0ms)


Started GET "/users/sign_up" for 127.0.0.1 at 2014-12-13 00:12:14 +0800
Processing by Devise::RegistrationsController#new as HTML
  Rendered /usr/local/lib/ruby/gems/2.1.0/gems/devise-3.4.1/app/views/devise/shared/_links.html.erb (1.1ms)
  Rendered /usr/local/lib/ruby/gems/2.1.0/gems/devise-3.4.1/app/views/devise/registrations/new.html.erb within layouts/application (14.7ms)
  Rendered layouts/_navigation_links.html.erb (0.7ms)
  Rendered layouts/_navigation.html.erb (8.4ms)
  Rendered layouts/_messages.html.erb (0.3ms)
Completed 200 OK in 167ms (Views: 165.6ms | ActiveRecord: 0.0ms)


Started POST "/users" for 127.0.0.1 at 2014-12-13 00:12:36 +0800
Processing by Devise::RegistrationsController#create as HTML
  Parameters: {"utf8"=>"✓", "authenticity_token"=>"CuQJcdUDEsFXiDw7Vm1JAJ6G8byddw9HDwzgNNtb2YQ=", "user"=>{"email"=>"1@1.com", "password"=>"[FILTERED]", "password_confirmation"=>"[FILTERED]"}, "commit"=>"Sign up"}
  [1m[35m (0.2ms)[0m  begin transaction
  [1m[36mUser Exists (1.1ms)[0m  [1mSELECT  1 AS one FROM "users"  WHERE "users"."email" = '1@1.com' LIMIT 1[0m
Binary data inserted for `string` type on column `encrypted_password`
  [1m[35mSQL (2.3ms)[0m  INSERT INTO "users" ("created_at", "email", "encrypted_password", "updated_at") VALUES (?, ?, ?, ?)  [["created_at", "2014-12-12 16:12:36.847529"], ["email", "1@1.com"], ["encrypted_password", "$2a$10$y9oUOI5r8xTJkWdW96bDiuddDEY8a/n8nC7gikra7BjDhQeVB.yUi"], ["updated_at", "2014-12-12 16:12:36.847529"]]
  [1m[36m (4.3ms)[0m  [1mcommit transaction[0m
  [1m[35m (0.1ms)[0m  begin transaction
Binary data inserted for `string` type on column `current_sign_in_ip`
Binary data inserted for `string` type on column `last_sign_in_ip`
  [1m[36mSQL (2.4ms)[0m  [1mUPDATE "users" SET "current_sign_in_at" = ?, "current_sign_in_ip" = ?, "last_sign_in_at" = ?, "last_sign_in_ip" = ?, "sign_in_count" = ?, "updated_at" = ? WHERE "users"."id" = 2[0m  [["current_sign_in_at", "2014-12-12 16:12:36.862284"], ["current_sign_in_ip", "127.0.0.1"], ["last_sign_in_at", "2014-12-12 16:12:36.862284"], ["last_sign_in_ip", "127.0.0.1"], ["sign_in_count", 1], ["updated_at", "2014-12-12 16:12:36.863947"]]
  [1m[35m (3.2ms)[0m  commit transaction
Redirected to http://localhost:3000/
Completed 302 Found in 164ms (ActiveRecord: 13.6ms)


Started GET "/" for 127.0.0.1 at 2014-12-13 00:12:36 +0800
Processing by VisitorsController#index as HTML
  [1m[36m (0.8ms)[0m  [1mSELECT COUNT(*) FROM "users"[0m
  Rendered visitors/index.html.erb within layouts/application (2.6ms)
  [1m[35mUser Load (0.7ms)[0m  SELECT  "users".* FROM "users"  WHERE "users"."id" = 2  ORDER BY "users"."id" ASC LIMIT 1
  Rendered layouts/_navigation_links.html.erb (11.6ms)
  Rendered layouts/_navigation.html.erb (19.5ms)
  Rendered layouts/_messages.html.erb (0.2ms)
Completed 200 OK in 204ms (Views: 201.9ms | ActiveRecord: 1.5ms)


Started GET "/" for 127.0.0.1 at 2014-12-13 00:12:41 +0800
Processing by VisitorsController#index as HTML
  [1m[36m (0.7ms)[0m  [1mSELECT COUNT(*) FROM "users"[0m
  Rendered visitors/index.html.erb within layouts/application (1.8ms)
  [1m[35mUser Load (0.8ms)[0m  SELECT  "users".* FROM "users"  WHERE "users"."id" = 2  ORDER BY "users"."id" ASC LIMIT 1
  Rendered layouts/_navigation_links.html.erb (2.2ms)
  Rendered layouts/_navigation.html.erb (11.1ms)
  Rendered layouts/_messages.html.erb (0.2ms)
Completed 200 OK in 137ms (Views: 134.7ms | ActiveRecord: 1.5ms)


Started GET "/users" for 127.0.0.1 at 2014-12-13 00:12:43 +0800
Processing by UsersController#index as HTML
  [1m[36mUser Load (1.0ms)[0m  [1mSELECT  "users".* FROM "users"  WHERE "users"."id" = 2  ORDER BY "users"."id" ASC LIMIT 1[0m
  [1m[35mUser Load (1.0ms)[0m  SELECT "users".* FROM "users"
  Rendered users/_user.html.erb (1.9ms)
  Rendered users/_user.html.erb (0.4ms)
  Rendered users/index.html.erb within layouts/application (27.8ms)
  Rendered layouts/_navigation_links.html.erb (0.4ms)
  Rendered layouts/_navigation.html.erb (17.2ms)
  Rendered layouts/_messages.html.erb (0.2ms)
Completed 200 OK in 188ms (Views: 183.4ms | ActiveRecord: 2.0ms)


Started GET "/users/edit" for 127.0.0.1 at 2014-12-13 00:12:47 +0800
Processing by Devise::RegistrationsController#edit as HTML
  [1m[36mUser Load (1.0ms)[0m  [1mSELECT  "users".* FROM "users"  WHERE "users"."id" = 2  ORDER BY "users"."id" ASC LIMIT 1[0m
  Rendered /usr/local/lib/ruby/gems/2.1.0/gems/devise-3.4.1/app/views/devise/registrations/edit.html.erb within layouts/application (4.3ms)
  Rendered layouts/_navigation_links.html.erb (0.7ms)
  Rendered layouts/_navigation.html.erb (12.0ms)
  Rendered layouts/_messages.html.erb (0.1ms)
Completed 200 OK in 143ms (Views: 140.4ms | ActiveRecord: 1.0ms)


Started DELETE "/users" for 127.0.0.1 at 2014-12-13 00:13:06 +0800
Processing by Devise::RegistrationsController#destroy as HTML
  Parameters: {"authenticity_token"=>"CuQJcdUDEsFXiDw7Vm1JAJ6G8byddw9HDwzgNNtb2YQ="}
  [1m[35mUser Load (1.0ms)[0m  SELECT  "users".* FROM "users"  WHERE "users"."id" = 2  ORDER BY "users"."id" ASC LIMIT 1
  [1m[36m (0.1ms)[0m  [1mbegin transaction[0m
  [1m[35mSQL (2.2ms)[0m  DELETE FROM "users" WHERE "users"."id" = ?  [["id", 2]]
  [1m[36m (3.9ms)[0m  [1mcommit transaction[0m
Redirected to http://localhost:3000/
Completed 302 Found in 17ms (ActiveRecord: 7.1ms)


Started GET "/" for 127.0.0.1 at 2014-12-13 00:13:06 +0800
Processing by VisitorsController#index as HTML
  [1m[35m (0.5ms)[0m  SELECT COUNT(*) FROM "users"
  Rendered visitors/index.html.erb within layouts/application (1.6ms)
  Rendered layouts/_navigation_links.html.erb (0.6ms)
  Rendered layouts/_navigation.html.erb (10.6ms)
  Rendered layouts/_messages.html.erb (0.2ms)
Completed 200 OK in 157ms (Views: 155.6ms | ActiveRecord: 0.5ms)


Started GET "/users" for 127.0.0.1 at 2014-12-13 00:13:08 +0800
Processing by UsersController#index as HTML
Completed 401 Unauthorized in 1ms


Started GET "/users/sign_in" for 127.0.0.1 at 2014-12-13 00:13:08 +0800
Processing by Devise::SessionsController#new as HTML
  Rendered /usr/local/lib/ruby/gems/2.1.0/gems/devise-3.4.1/app/views/devise/shared/_links.html.erb (0.5ms)
  Rendered /usr/local/lib/ruby/gems/2.1.0/gems/devise-3.4.1/app/views/devise/sessions/new.html.erb within layouts/application (9.2ms)
  Rendered layouts/_navigation_links.html.erb (0.8ms)
  Rendered layouts/_navigation.html.erb (7.8ms)
  Rendered layouts/_messages.html.erb (0.2ms)
Completed 200 OK in 137ms (Views: 135.9ms | ActiveRecord: 0.0ms)


Started GET "/" for 127.0.0.1 at 2014-12-13 00:13:11 +0800
Processing by VisitorsController#index as HTML
  [1m[36m (1.1ms)[0m  [1mSELECT COUNT(*) FROM "users"[0m
  Rendered visitors/index.html.erb within layouts/application (2.2ms)
  Rendered layouts/_navigation_links.html.erb (0.7ms)
  Rendered layouts/_navigation.html.erb (11.1ms)
  Rendered layouts/_messages.html.erb (0.3ms)
Completed 200 OK in 146ms (Views: 144.1ms | ActiveRecord: 1.1ms)


Started GET "/users/sign_up" for 127.0.0.1 at 2014-12-13 00:13:13 +0800
Processing by Devise::RegistrationsController#new as HTML
  Rendered /usr/local/lib/ruby/gems/2.1.0/gems/devise-3.4.1/app/views/devise/shared/_links.html.erb (1.3ms)
  Rendered /usr/local/lib/ruby/gems/2.1.0/gems/devise-3.4.1/app/views/devise/registrations/new.html.erb within layouts/application (8.7ms)
  Rendered layouts/_navigation_links.html.erb (0.8ms)
  Rendered layouts/_navigation.html.erb (10.1ms)
  Rendered layouts/_messages.html.erb (0.1ms)
Completed 200 OK in 153ms (Views: 150.2ms | ActiveRecord: 0.0ms)


Started GET "/users/sign_in" for 127.0.0.1 at 2014-12-13 00:13:17 +0800
Processing by Devise::SessionsController#new as HTML
  Rendered /usr/local/lib/ruby/gems/2.1.0/gems/devise-3.4.1/app/views/devise/shared/_links.html.erb (0.8ms)
  Rendered /usr/local/lib/ruby/gems/2.1.0/gems/devise-3.4.1/app/views/devise/sessions/new.html.erb within layouts/application (8.6ms)
  Rendered layouts/_navigation_links.html.erb (0.7ms)
  Rendered layouts/_navigation.html.erb (9.0ms)
  Rendered layouts/_messages.html.erb (0.1ms)
Completed 200 OK in 162ms (Views: 160.1ms | ActiveRecord: 0.0ms)


Started GET "/" for 127.0.0.1 at 2014-12-13 00:13:19 +0800
Processing by VisitorsController#index as HTML
  [1m[35m (1.4ms)[0m  SELECT COUNT(*) FROM "users"
  Rendered visitors/index.html.erb within layouts/application (3.1ms)
  Rendered layouts/_navigation_links.html.erb (0.8ms)
  Rendered layouts/_navigation.html.erb (14.1ms)
  Rendered layouts/_messages.html.erb (0.1ms)
Completed 200 OK in 150ms (Views: 147.5ms | ActiveRecord: 1.4ms)


Started GET "/users" for 127.0.0.1 at 2014-12-13 00:13:21 +0800
Processing by UsersController#index as HTML
Completed 401 Unauthorized in 2ms


Started GET "/users/sign_in" for 127.0.0.1 at 2014-12-13 00:13:21 +0800
Processing by Devise::SessionsController#new as HTML
  Rendered /usr/local/lib/ruby/gems/2.1.0/gems/devise-3.4.1/app/views/devise/shared/_links.html.erb (0.8ms)
  Rendered /usr/local/lib/ruby/gems/2.1.0/gems/devise-3.4.1/app/views/devise/sessions/new.html.erb within layouts/application (9.0ms)
  Rendered layouts/_navigation_links.html.erb (0.7ms)
  Rendered layouts/_navigation.html.erb (8.4ms)
  Rendered layouts/_messages.html.erb (0.2ms)
Completed 200 OK in 173ms (Views: 171.0ms | ActiveRecord: 0.0ms)


Started GET "/users/sign_up" for 127.0.0.1 at 2014-12-13 00:13:27 +0800
Processing by Devise::RegistrationsController#new as HTML
  Rendered /usr/local/lib/ruby/gems/2.1.0/gems/devise-3.4.1/app/views/devise/shared/_links.html.erb (0.5ms)
  Rendered /usr/local/lib/ruby/gems/2.1.0/gems/devise-3.4.1/app/views/devise/registrations/new.html.erb within layouts/application (9.7ms)
  Rendered layouts/_navigation_links.html.erb (0.6ms)
  Rendered layouts/_navigation.html.erb (8.1ms)
  Rendered layouts/_messages.html.erb (0.2ms)
Completed 200 OK in 152ms (Views: 150.3ms | ActiveRecord: 0.0ms)


Started POST "/users" for 127.0.0.1 at 2014-12-13 00:13:39 +0800
Processing by Devise::RegistrationsController#create as HTML
  Parameters: {"utf8"=>"✓", "authenticity_token"=>"Eu76qfdyCvtqVa5kDlQaC39EC1tcGqct887yaeUCBJE=", "user"=>{"email"=>"1@1.com", "password"=>"[FILTERED]", "password_confirmation"=>"[FILTERED]"}, "commit"=>"Sign up"}
  [1m[36m (0.2ms)[0m  [1mbegin transaction[0m
  [1m[35mUser Exists (1.3ms)[0m  SELECT  1 AS one FROM "users"  WHERE "users"."email" = '1@1.com' LIMIT 1
Binary data inserted for `string` type on column `encrypted_password`
  [1m[36mSQL (1.9ms)[0m  [1mINSERT INTO "users" ("created_at", "email", "encrypted_password", "updated_at") VALUES (?, ?, ?, ?)[0m  [["created_at", "2014-12-12 16:13:39.158436"], ["email", "1@1.com"], ["encrypted_password", "$2a$10$kHXDg04ZBatsWXXZ9Vw5fO7w3hhjEw9vKXJrdM6rMqdzEX6BWEzCa"], ["updated_at", "2014-12-12 16:13:39.158436"]]
  [1m[35m (3.5ms)[0m  commit transaction
  [1m[36m (0.1ms)[0m  [1mbegin transaction[0m
Binary data inserted for `string` type on column `current_sign_in_ip`
Binary data inserted for `string` type on column `last_sign_in_ip`
  [1m[35mSQL (2.4ms)[0m  UPDATE "users" SET "current_sign_in_at" = ?, "current_sign_in_ip" = ?, "last_sign_in_at" = ?, "last_sign_in_ip" = ?, "sign_in_count" = ?, "updated_at" = ? WHERE "users"."id" = 3  [["current_sign_in_at", "2014-12-12 16:13:39.166481"], ["current_sign_in_ip", "127.0.0.1"], ["last_sign_in_at", "2014-12-12 16:13:39.166481"], ["last_sign_in_ip", "127.0.0.1"], ["sign_in_count", 1], ["updated_at", "2014-12-12 16:13:39.167363"]]
  [1m[36m (3.4ms)[0m  [1mcommit transaction[0m
Redirected to http://localhost:3000/users
Completed 302 Found in 134ms (ActiveRecord: 12.6ms)


Started GET "/users" for 127.0.0.1 at 2014-12-13 00:13:39 +0800
Processing by UsersController#index as HTML
  [1m[35mUser Load (0.9ms)[0m  SELECT  "users".* FROM "users"  WHERE "users"."id" = 3  ORDER BY "users"."id" ASC LIMIT 1
  [1m[36mUser Load (0.8ms)[0m  [1mSELECT "users".* FROM "users"[0m
  Rendered users/_user.html.erb (1.8ms)
  Rendered users/_user.html.erb (0.6ms)
  Rendered users/index.html.erb within layouts/application (21.2ms)
  Rendered layouts/_navigation_links.html.erb (0.5ms)
  Rendered layouts/_navigation.html.erb (8.8ms)
  Rendered layouts/_messages.html.erb (0.2ms)
Completed 200 OK in 199ms (Views: 194.8ms | ActiveRecord: 1.7ms)


Started GET "/" for 127.0.0.1 at 2014-12-13 00:13:43 +0800
Processing by VisitorsController#index as HTML
  [1m[35m (0.9ms)[0m  SELECT COUNT(*) FROM "users"
  Rendered visitors/index.html.erb within layouts/application (2.0ms)
  [1m[36mUser Load (0.6ms)[0m  [1mSELECT  "users".* FROM "users"  WHERE "users"."id" = 3  ORDER BY "users"."id" ASC LIMIT 1[0m
  Rendered layouts/_navigation_links.html.erb (2.5ms)
  Rendered layouts/_navigation.html.erb (13.3ms)
  Rendered layouts/_messages.html.erb (0.1ms)
Completed 200 OK in 147ms (Views: 145.4ms | ActiveRecord: 1.5ms)


Started DELETE "/users/sign_out" for 127.0.0.1 at 2014-12-13 00:13:44 +0800
Processing by Devise::SessionsController#destroy as HTML
  Parameters: {"authenticity_token"=>"Eu76qfdyCvtqVa5kDlQaC39EC1tcGqct887yaeUCBJE="}
  [1m[35mUser Load (1.4ms)[0m  SELECT  "users".* FROM "users"  WHERE "users"."id" = 3  ORDER BY "users"."id" ASC LIMIT 1
  [1m[36m (0.1ms)[0m  [1mbegin transaction[0m
  [1m[35m (0.1ms)[0m  commit transaction
Redirected to http://localhost:3000/
Completed 302 Found in 6ms (ActiveRecord: 1.6ms)


Started GET "/" for 127.0.0.1 at 2014-12-13 00:13:44 +0800
Processing by VisitorsController#index as HTML
  [1m[36m (1.1ms)[0m  [1mSELECT COUNT(*) FROM "users"[0m
  Rendered visitors/index.html.erb within layouts/application (3.7ms)
  Rendered layouts/_navigation_links.html.erb (1.0ms)
  Rendered layouts/_navigation.html.erb (10.8ms)
  Rendered layouts/_messages.html.erb (0.7ms)
Completed 200 OK in 222ms (Views: 219.4ms | ActiveRecord: 1.1ms)


Started GET "/users/sign_in" for 127.0.0.1 at 2014-12-13 00:13:46 +0800
Processing by Devise::SessionsController#new as HTML
  Rendered /usr/local/lib/ruby/gems/2.1.0/gems/devise-3.4.1/app/views/devise/shared/_links.html.erb (1.1ms)
  Rendered /usr/local/lib/ruby/gems/2.1.0/gems/devise-3.4.1/app/views/devise/sessions/new.html.erb within layouts/application (9.8ms)
  Rendered layouts/_navigation_links.html.erb (1.1ms)
  Rendered layouts/_navigation.html.erb (11.8ms)
  Rendered layouts/_messages.html.erb (0.2ms)
Completed 200 OK in 191ms (Views: 189.1ms | ActiveRecord: 0.0ms)


Started POST "/users/sign_in" for 127.0.0.1 at 2014-12-13 00:13:54 +0800
Processing by Devise::SessionsController#create as HTML
  Parameters: {"utf8"=>"✓", "authenticity_token"=>"Z/b5Ew8VdERvG7k7CfkqKusetQFXwiGmQBmOAE4CVhI=", "user"=>{"email"=>"1@1.com", "password"=>"[FILTERED]", "remember_me"=>"0"}, "commit"=>"Log in"}
  [1m[35mUser Load (1.3ms)[0m  SELECT  "users".* FROM "users"  WHERE "users"."email" = '1@1.com'  ORDER BY "users"."id" ASC LIMIT 1
  [1m[36m (0.1ms)[0m  [1mbegin transaction[0m
  [1m[35mSQL (2.5ms)[0m  UPDATE "users" SET "current_sign_in_at" = ?, "sign_in_count" = ?, "updated_at" = ? WHERE "users"."id" = 3  [["current_sign_in_at", "2014-12-12 16:13:54.607926"], ["sign_in_count", 2], ["updated_at", "2014-12-12 16:13:54.609112"]]
  [1m[36m (3.4ms)[0m  [1mcommit transaction[0m
Redirected to http://localhost:3000/
Completed 302 Found in 135ms (ActiveRecord: 7.2ms)


Started GET "/" for 127.0.0.1 at 2014-12-13 00:13:54 +0800
Processing by VisitorsController#index as HTML
  [1m[35m (0.9ms)[0m  SELECT COUNT(*) FROM "users"
  Rendered visitors/index.html.erb within layouts/application (2.4ms)
  [1m[36mUser Load (1.0ms)[0m  [1mSELECT  "users".* FROM "users"  WHERE "users"."id" = 3  ORDER BY "users"."id" ASC LIMIT 1[0m
  Rendered layouts/_navigation_links.html.erb (3.0ms)
  Rendered layouts/_navigation.html.erb (22.6ms)
  Rendered layouts/_messages.html.erb (0.3ms)
Completed 200 OK in 174ms (Views: 170.0ms | ActiveRecord: 1.8ms)


Started GET "/" for 127.0.0.1 at 2014-12-13 00:47:45 +0800
  [1m[36mActiveRecord::SchemaMigration Load (0.6ms)[0m  [1mSELECT "schema_migrations".* FROM "schema_migrations"[0m
Processing by VisitorsController#index as HTML
  [1m[35m (0.6ms)[0m  SELECT COUNT(*) FROM "users"
  Rendered visitors/index.html.erb within layouts/application (7.1ms)
  Rendered layouts/_navigation_links.html.erb (4.9ms)
  Rendered layouts/_navigation.html.erb (12.4ms)
  Rendered layouts/_messages.html.erb (1.0ms)
Completed 200 OK in 418ms (Views: 402.4ms | ActiveRecord: 1.8ms)


Started GET "/users" for 127.0.0.1 at 2014-12-13 00:47:56 +0800
Processing by UsersController#index as HTML
Completed 401 Unauthorized in 1ms


Started GET "/users/sign_in" for 127.0.0.1 at 2014-12-13 00:47:57 +0800
Processing by Devise::SessionsController#new as HTML
  Rendered /usr/local/lib/ruby/gems/2.1.0/gems/devise-3.4.1/app/views/devise/shared/_links.html.erb (2.0ms)
  Rendered /usr/local/lib/ruby/gems/2.1.0/gems/devise-3.4.1/app/views/devise/sessions/new.html.erb within layouts/application (48.7ms)
  Rendered layouts/_navigation_links.html.erb (0.6ms)
  Rendered layouts/_navigation.html.erb (9.1ms)
  Rendered layouts/_messages.html.erb (0.2ms)
Completed 200 OK in 228ms (Views: 212.2ms | ActiveRecord: 0.0ms)


Started GET "/users/password/new" for 127.0.0.1 at 2014-12-13 00:48:06 +0800
Processing by Devise::PasswordsController#new as HTML
  Rendered /usr/local/lib/ruby/gems/2.1.0/gems/devise-3.4.1/app/views/devise/shared/_links.html.erb (1.5ms)
  Rendered /usr/local/lib/ruby/gems/2.1.0/gems/devise-3.4.1/app/views/devise/passwords/new.html.erb within layouts/application (10.6ms)
  Rendered layouts/_navigation_links.html.erb (1.2ms)
  Rendered layouts/_navigation.html.erb (10.8ms)
  Rendered layouts/_messages.html.erb (0.7ms)
Completed 200 OK in 148ms (Views: 146.5ms | ActiveRecord: 0.0ms)


Started GET "/users/sign_in" for 127.0.0.1 at 2014-12-13 00:48:11 +0800
Processing by Devise::SessionsController#new as HTML
  Rendered /usr/local/lib/ruby/gems/2.1.0/gems/devise-3.4.1/app/views/devise/shared/_links.html.erb (0.5ms)
  Rendered /usr/local/lib/ruby/gems/2.1.0/gems/devise-3.4.1/app/views/devise/sessions/new.html.erb within layouts/application (7.5ms)
  Rendered layouts/_navigation_links.html.erb (0.5ms)
  Rendered layouts/_navigation.html.erb (13.3ms)
  Rendered layouts/_messages.html.erb (0.1ms)
Completed 200 OK in 146ms (Views: 144.4ms | ActiveRecord: 0.0ms)


Started GET "/" for 127.0.0.1 at 2014-12-13 01:01:53 +0800
Processing by VisitorsController#index as HTML
  [1m[36m (1.0ms)[0m  [1mSELECT COUNT(*) FROM "users"[0m
  Rendered visitors/index.html.erb within layouts/application (3.3ms)
  Rendered layouts/_navigation_links.html.erb (0.5ms)
  Rendered layouts/_navigation.html.erb (9.2ms)
  Rendered layouts/_messages.html.erb (0.2ms)
Completed 200 OK in 140ms (Views: 137.7ms | ActiveRecord: 1.0ms)


Started GET "/users" for 127.0.0.1 at 2014-12-13 01:01:55 +0800
Processing by UsersController#index as HTML
Completed 401 Unauthorized in 1ms


Started GET "/users/sign_in" for 127.0.0.1 at 2014-12-13 01:01:55 +0800
Processing by Devise::SessionsController#new as HTML
  Rendered /usr/local/lib/ruby/gems/2.1.0/gems/devise-3.4.1/app/views/devise/shared/_links.html.erb (0.8ms)
  Rendered /usr/local/lib/ruby/gems/2.1.0/gems/devise-3.4.1/app/views/devise/sessions/new.html.erb within layouts/application (9.8ms)
  Rendered layouts/_navigation_links.html.erb (0.8ms)
  Rendered layouts/_navigation.html.erb (8.5ms)
  Rendered layouts/_messages.html.erb (0.3ms)
Completed 200 OK in 178ms (Views: 176.4ms | ActiveRecord: 0.0ms)


Started POST "/users/sign_in" for 127.0.0.1 at 2014-12-13 01:02:05 +0800
Processing by Devise::SessionsController#create as HTML
  Parameters: {"utf8"=>"✓", "authenticity_token"=>"Fi0sagyRyA6RUFEncQuL349T2CdltT3qPMw91p6h2GM=", "user"=>{"email"=>"1@1.com", "password"=>"[FILTERED]", "remember_me"=>"0"}, "commit"=>"Log in"}
  [1m[35mUser Load (1.2ms)[0m  SELECT  "users".* FROM "users"  WHERE "users"."email" = '1@1.com'  ORDER BY "users"."id" ASC LIMIT 1
  [1m[36m (0.1ms)[0m  [1mbegin transaction[0m
  [1m[35mSQL (2.5ms)[0m  UPDATE "users" SET "current_sign_in_at" = ?, "last_sign_in_at" = ?, "sign_in_count" = ?, "updated_at" = ? WHERE "users"."id" = 3  [["current_sign_in_at", "2014-12-12 17:02:05.653231"], ["last_sign_in_at", "2014-12-12 16:13:54.607926"], ["sign_in_count", 3], ["updated_at", "2014-12-12 17:02:05.654785"]]
  [1m[36m (2.8ms)[0m  [1mcommit transaction[0m
Redirected to http://0.0.0.0:3000/users
Completed 302 Found in 139ms (ActiveRecord: 6.5ms)


Started GET "/users" for 127.0.0.1 at 2014-12-13 01:02:05 +0800
Processing by UsersController#index as HTML
  [1m[35mUser Load (0.7ms)[0m  SELECT  "users".* FROM "users"  WHERE "users"."id" = 3  ORDER BY "users"."id" ASC LIMIT 1
  [1m[36mUser Load (0.6ms)[0m  [1mSELECT "users".* FROM "users"[0m
  Rendered users/_user.html.erb (1.4ms)
  Rendered users/_user.html.erb (0.6ms)
  Rendered users/index.html.erb within layouts/application (19.3ms)
  Rendered layouts/_navigation_links.html.erb (0.5ms)
  Rendered layouts/_navigation.html.erb (8.1ms)
  Rendered layouts/_messages.html.erb (0.5ms)
Completed 200 OK in 167ms (Views: 164.1ms | ActiveRecord: 1.3ms)


Started GET "/users/3" for 127.0.0.1 at 2014-12-13 01:02:17 +0800
Processing by UsersController#show as HTML
  Parameters: {"id"=>"3"}
  [1m[35mUser Load (0.9ms)[0m  SELECT  "users".* FROM "users"  WHERE "users"."id" = 3  ORDER BY "users"."id" ASC LIMIT 1
  [1m[36mUser Load (0.6ms)[0m  [1mSELECT  "users".* FROM "users"  WHERE "users"."id" = ? LIMIT 1[0m  [["id", 3]]
  Rendered users/show.html.erb within layouts/application (13.9ms)
Completed 500 Internal Server Error in 44ms

NoMethodError - undefined method `first_name' for #<User:0x007f37aeb83020>:
  activemodel (4.1.8) lib/active_model/attribute_methods.rb:435:in `method_missing'
  activerecord (4.1.8) lib/active_record/attribute_methods.rb:213:in `method_missing'
  app/views/users/show.html.erb:5:in `_app_views_users_show_html_erb___4323636802916658974_69938565613420'
  actionview (4.1.8) lib/action_view/template.rb:145:in `block in render'
  activesupport (4.1.8) lib/active_support/notifications.rb:161:in `instrument'
  actionview (4.1.8) lib/action_view/template.rb:339:in `instrument'
  actionview (4.1.8) lib/action_view/template.rb:143:in `render'
  actionview (4.1.8) lib/action_view/renderer/template_renderer.rb:55:in `block (2 levels) in render_template'
  actionview (4.1.8) lib/action_view/renderer/abstract_renderer.rb:38:in `block in instrument'
  activesupport (4.1.8) lib/active_support/notifications.rb:159:in `block in instrument'
  activesupport (4.1.8) lib/active_support/notifications/instrumenter.rb:20:in `instrument'
  activesupport (4.1.8) lib/active_support/notifications.rb:159:in `instrument'
  actionview (4.1.8) lib/action_view/renderer/abstract_renderer.rb:38:in `instrument'
  actionview (4.1.8) lib/action_view/renderer/template_renderer.rb:54:in `block in render_template'
  actionview (4.1.8) lib/action_view/renderer/template_renderer.rb:62:in `render_with_layout'
  actionview (4.1.8) lib/action_view/renderer/template_renderer.rb:53:in `render_template'
  actionview (4.1.8) lib/action_view/renderer/template_renderer.rb:17:in `render'
  actionview (4.1.8) lib/action_view/renderer/renderer.rb:42:in `render_template'
  actionview (4.1.8) lib/action_view/renderer/renderer.rb:23:in `render'
  actionview (4.1.8) lib/action_view/rendering.rb:99:in `_render_template'
  actionpack (4.1.8) lib/action_controller/metal/streaming.rb:217:in `_render_template'
  actionview (4.1.8) lib/action_view/rendering.rb:82:in `render_to_body'
  actionpack (4.1.8) lib/action_controller/metal/rendering.rb:32:in `render_to_body'
  actionpack (4.1.8) lib/action_controller/metal/renderers.rb:32:in `render_to_body'
  actionpack (4.1.8) lib/abstract_controller/rendering.rb:25:in `render'
  actionpack (4.1.8) lib/action_controller/metal/rendering.rb:16:in `render'
  actionpack (4.1.8) lib/action_controller/metal/instrumentation.rb:41:in `block (2 levels) in render'
  activesupport (4.1.8) lib/active_support/core_ext/benchmark.rb:12:in `block in ms'
  /usr/local/lib/ruby/2.1.0/benchmark.rb:294:in `realtime'
  activesupport (4.1.8) lib/active_support/core_ext/benchmark.rb:12:in `ms'
  actionpack (4.1.8) lib/action_controller/metal/instrumentation.rb:41:in `block in render'
  actionpack (4.1.8) lib/action_controller/metal/instrumentation.rb:84:in `cleanup_view_runtime'
  activerecord (4.1.8) lib/active_record/railties/controller_runtime.rb:25:in `cleanup_view_runtime'
  actionpack (4.1.8) lib/action_controller/metal/instrumentation.rb:40:in `render'
  actionpack (4.1.8) lib/action_controller/metal/implicit_render.rb:10:in `default_render'
  actionpack (4.1.8) lib/action_controller/metal/implicit_render.rb:5:in `send_action'
  actionpack (4.1.8) lib/abstract_controller/base.rb:189:in `process_action'
  actionpack (4.1.8) lib/action_controller/metal/rendering.rb:10:in `process_action'
  actionpack (4.1.8) lib/abstract_controller/callbacks.rb:20:in `block in process_action'
  activesupport (4.1.8) lib/active_support/callbacks.rb:113:in `call'
  activesupport (4.1.8) lib/active_support/callbacks.rb:166:in `block in halting'
  activesupport (4.1.8) lib/active_support/callbacks.rb:229:in `block in halting'
  activesupport (4.1.8) lib/active_support/callbacks.rb:166:in `block in halting'
  activesupport (4.1.8) lib/active_support/callbacks.rb:166:in `block in halting'
  activesupport (4.1.8) lib/active_support/callbacks.rb:229:in `block in halting'
  activesupport (4.1.8) lib/active_support/callbacks.rb:166:in `block in halting'
  activesupport (4.1.8) lib/active_support/callbacks.rb:86:in `run_callbacks'
  actionpack (4.1.8) lib/abstract_controller/callbacks.rb:19:in `process_action'
  actionpack (4.1.8) lib/action_controller/metal/rescue.rb:29:in `process_action'
  actionpack (4.1.8) lib/action_controller/metal/instrumentation.rb:31:in `block in process_action'
  activesupport (4.1.8) lib/active_support/notifications.rb:159:in `block in instrument'
  activesupport (4.1.8) lib/active_support/notifications/instrumenter.rb:20:in `instrument'
  activesupport (4.1.8) lib/active_support/notifications.rb:159:in `instrument'
  actionpack (4.1.8) lib/action_controller/metal/instrumentation.rb:30:in `process_action'
  actionpack (4.1.8) lib/action_controller/metal/params_wrapper.rb:250:in `process_action'
  activerecord (4.1.8) lib/active_record/railties/controller_runtime.rb:18:in `process_action'
  actionpack (4.1.8) lib/abstract_controller/base.rb:136:in `process'
  actionview (4.1.8) lib/action_view/rendering.rb:30:in `process'
  actionpack (4.1.8) lib/action_controller/metal.rb:196:in `dispatch'
  actionpack (4.1.8) lib/action_controller/metal/rack_delegation.rb:13:in `dispatch'
  actionpack (4.1.8) lib/action_controller/metal.rb:232:in `block in action'
  actionpack (4.1.8) lib/action_dispatch/routing/route_set.rb:82:in `dispatch'
  actionpack (4.1.8) lib/action_dispatch/routing/route_set.rb:50:in `call'
  actionpack (4.1.8) lib/action_dispatch/journey/router.rb:73:in `block in call'
  actionpack (4.1.8) lib/action_dispatch/journey/router.rb:59:in `call'
  actionpack (4.1.8) lib/action_dispatch/routing/route_set.rb:678:in `call'
  warden (1.2.3) lib/warden/manager.rb:35:in `block in call'
  warden (1.2.3) lib/warden/manager.rb:34:in `call'
  rack (1.5.2) lib/rack/etag.rb:23:in `call'
  rack (1.5.2) lib/rack/conditionalget.rb:25:in `call'
  rack (1.5.2) lib/rack/head.rb:11:in `call'
  actionpack (4.1.8) lib/action_dispatch/middleware/params_parser.rb:27:in `call'
  actionpack (4.1.8) lib/action_dispatch/middleware/flash.rb:254:in `call'
  rack (1.5.2) lib/rack/session/abstract/id.rb:225:in `context'
  rack (1.5.2) lib/rack/session/abstract/id.rb:220:in `call'
  actionpack (4.1.8) lib/action_dispatch/middleware/cookies.rb:560:in `call'
  activerecord (4.1.8) lib/active_record/query_cache.rb:36:in `call'
  activerecord (4.1.8) lib/active_record/connection_adapters/abstract/connection_pool.rb:621:in `call'
  activerecord (4.1.8) lib/active_record/migration.rb:380:in `call'
  actionpack (4.1.8) lib/action_dispatch/middleware/callbacks.rb:29:in `block in call'
  activesupport (4.1.8) lib/active_support/callbacks.rb:82:in `run_callbacks'
  actionpack (4.1.8) lib/action_dispatch/middleware/callbacks.rb:27:in `call'
  actionpack (4.1.8) lib/action_dispatch/middleware/reloader.rb:73:in `call'
  actionpack (4.1.8) lib/action_dispatch/middleware/remote_ip.rb:76:in `call'
  better_errors (2.0.0) lib/better_errors/middleware.rb:84:in `protected_app_call'
  better_errors (2.0.0) lib/better_errors/middleware.rb:79:in `better_errors_call'
  better_errors (2.0.0) lib/better_errors/middleware.rb:57:in `call'
  actionpack (4.1.8) lib/action_dispatch/middleware/debug_exceptions.rb:17:in `call'
  actionpack (4.1.8) lib/action_dispatch/middleware/show_exceptions.rb:30:in `call'
  railties (4.1.8) lib/rails/rack/logger.rb:38:in `call_app'
  railties (4.1.8) lib/rails/rack/logger.rb:20:in `block in call'
  activesupport (4.1.8) lib/active_support/tagged_logging.rb:68:in `block in tagged'
  activesupport (4.1.8) lib/active_support/tagged_logging.rb:26:in `tagged'
  activesupport (4.1.8) lib/active_support/tagged_logging.rb:68:in `tagged'
  railties (4.1.8) lib/rails/rack/logger.rb:20:in `call'
  quiet_assets (1.0.3) lib/quiet_assets.rb:23:in `call_with_quiet_assets'
  actionpack (4.1.8) lib/action_dispatch/middleware/request_id.rb:21:in `call'
  rack (1.5.2) lib/rack/methodoverride.rb:21:in `call'
  rack (1.5.2) lib/rack/runtime.rb:17:in `call'
  activesupport (4.1.8) lib/active_support/cache/strategy/local_cache_middleware.rb:26:in `call'
  rack (1.5.2) lib/rack/lock.rb:17:in `call'
  actionpack (4.1.8) lib/action_dispatch/middleware/static.rb:84:in `call'
  rack (1.5.2) lib/rack/sendfile.rb:112:in `call'
  railties (4.1.8) lib/rails/engine.rb:514:in `call'
  railties (4.1.8) lib/rails/application.rb:144:in `call'
  rack (1.5.2) lib/rack/lock.rb:17:in `call'
  rack (1.5.2) lib/rack/content_length.rb:14:in `call'
  rack (1.5.2) lib/rack/handler/webrick.rb:60:in `service'
  /usr/local/lib/ruby/2.1.0/webrick/httpserver.rb:138:in `service'
  /usr/local/lib/ruby/2.1.0/webrick/httpserver.rb:94:in `run'
  /usr/local/lib/ruby/2.1.0/webrick/server.rb:295:in `block in start_thread'



Started GET "/users/3" for 127.0.0.1 at 2014-12-13 01:02:17 +0800
Processing by UsersController#show as HTML
  Parameters: {"id"=>"3"}
  [1m[35mUser Load (0.6ms)[0m  SELECT  "users".* FROM "users"  WHERE "users"."id" = 3  ORDER BY "users"."id" ASC LIMIT 1
  [1m[36mUser Load (0.4ms)[0m  [1mSELECT  "users".* FROM "users"  WHERE "users"."id" = ? LIMIT 1[0m  [["id", 3]]
  Rendered users/show.html.erb within layouts/application (9.0ms)
Completed 500 Internal Server Error in 30ms

NoMethodError - undefined method `first_name' for #<User:0x007f37ae5a4460>:
  activemodel (4.1.8) lib/active_model/attribute_methods.rb:435:in `method_missing'
  activerecord (4.1.8) lib/active_record/attribute_methods.rb:213:in `method_missing'
  app/views/users/show.html.erb:5:in `_app_views_users_show_html_erb___4323636802916658974_69938562536020'
  actionview (4.1.8) lib/action_view/template.rb:145:in `block in render'
  activesupport (4.1.8) lib/active_support/notifications.rb:161:in `instrument'
  actionview (4.1.8) lib/action_view/template.rb:339:in `instrument'
  actionview (4.1.8) lib/action_view/template.rb:143:in `render'
  actionview (4.1.8) lib/action_view/renderer/template_renderer.rb:55:in `block (2 levels) in render_template'
  actionview (4.1.8) lib/action_view/renderer/abstract_renderer.rb:38:in `block in instrument'
  activesupport (4.1.8) lib/active_support/notifications.rb:159:in `block in instrument'
  activesupport (4.1.8) lib/active_support/notifications/instrumenter.rb:20:in `instrument'
  activesupport (4.1.8) lib/active_support/notifications.rb:159:in `instrument'
  actionview (4.1.8) lib/action_view/renderer/abstract_renderer.rb:38:in `instrument'
  actionview (4.1.8) lib/action_view/renderer/template_renderer.rb:54:in `block in render_template'
  actionview (4.1.8) lib/action_view/renderer/template_renderer.rb:62:in `render_with_layout'
  actionview (4.1.8) lib/action_view/renderer/template_renderer.rb:53:in `render_template'
  actionview (4.1.8) lib/action_view/renderer/template_renderer.rb:17:in `render'
  actionview (4.1.8) lib/action_view/renderer/renderer.rb:42:in `render_template'
  actionview (4.1.8) lib/action_view/renderer/renderer.rb:23:in `render'
  actionview (4.1.8) lib/action_view/rendering.rb:99:in `_render_template'
  actionpack (4.1.8) lib/action_controller/metal/streaming.rb:217:in `_render_template'
  actionview (4.1.8) lib/action_view/rendering.rb:82:in `render_to_body'
  actionpack (4.1.8) lib/action_controller/metal/rendering.rb:32:in `render_to_body'
  actionpack (4.1.8) lib/action_controller/metal/renderers.rb:32:in `render_to_body'
  actionpack (4.1.8) lib/abstract_controller/rendering.rb:25:in `render'
  actionpack (4.1.8) lib/action_controller/metal/rendering.rb:16:in `render'
  actionpack (4.1.8) lib/action_controller/metal/instrumentation.rb:41:in `block (2 levels) in render'
  activesupport (4.1.8) lib/active_support/core_ext/benchmark.rb:12:in `block in ms'
  /usr/local/lib/ruby/2.1.0/benchmark.rb:294:in `realtime'
  activesupport (4.1.8) lib/active_support/core_ext/benchmark.rb:12:in `ms'
  actionpack (4.1.8) lib/action_controller/metal/instrumentation.rb:41:in `block in render'
  actionpack (4.1.8) lib/action_controller/metal/instrumentation.rb:84:in `cleanup_view_runtime'
  activerecord (4.1.8) lib/active_record/railties/controller_runtime.rb:25:in `cleanup_view_runtime'
  actionpack (4.1.8) lib/action_controller/metal/instrumentation.rb:40:in `render'
  actionpack (4.1.8) lib/action_controller/metal/implicit_render.rb:10:in `default_render'
  actionpack (4.1.8) lib/action_controller/metal/implicit_render.rb:5:in `send_action'
  actionpack (4.1.8) lib/abstract_controller/base.rb:189:in `process_action'
  actionpack (4.1.8) lib/action_controller/metal/rendering.rb:10:in `process_action'
  actionpack (4.1.8) lib/abstract_controller/callbacks.rb:20:in `block in process_action'
  activesupport (4.1.8) lib/active_support/callbacks.rb:113:in `call'
  activesupport (4.1.8) lib/active_support/callbacks.rb:166:in `block in halting'
  activesupport (4.1.8) lib/active_support/callbacks.rb:229:in `block in halting'
  activesupport (4.1.8) lib/active_support/callbacks.rb:166:in `block in halting'
  activesupport (4.1.8) lib/active_support/callbacks.rb:166:in `block in halting'
  activesupport (4.1.8) lib/active_support/callbacks.rb:229:in `block in halting'
  activesupport (4.1.8) lib/active_support/callbacks.rb:166:in `block in halting'
  activesupport (4.1.8) lib/active_support/callbacks.rb:86:in `run_callbacks'
  actionpack (4.1.8) lib/abstract_controller/callbacks.rb:19:in `process_action'
  actionpack (4.1.8) lib/action_controller/metal/rescue.rb:29:in `process_action'
  actionpack (4.1.8) lib/action_controller/metal/instrumentation.rb:31:in `block in process_action'
  activesupport (4.1.8) lib/active_support/notifications.rb:159:in `block in instrument'
  activesupport (4.1.8) lib/active_support/notifications/instrumenter.rb:20:in `instrument'
  activesupport (4.1.8) lib/active_support/notifications.rb:159:in `instrument'
  actionpack (4.1.8) lib/action_controller/metal/instrumentation.rb:30:in `process_action'
  actionpack (4.1.8) lib/action_controller/metal/params_wrapper.rb:250:in `process_action'
  activerecord (4.1.8) lib/active_record/railties/controller_runtime.rb:18:in `process_action'
  actionpack (4.1.8) lib/abstract_controller/base.rb:136:in `process'
  actionview (4.1.8) lib/action_view/rendering.rb:30:in `process'
  actionpack (4.1.8) lib/action_controller/metal.rb:196:in `dispatch'
  actionpack (4.1.8) lib/action_controller/metal/rack_delegation.rb:13:in `dispatch'
  actionpack (4.1.8) lib/action_controller/metal.rb:232:in `block in action'
  actionpack (4.1.8) lib/action_dispatch/routing/route_set.rb:82:in `dispatch'
  actionpack (4.1.8) lib/action_dispatch/routing/route_set.rb:50:in `call'
  actionpack (4.1.8) lib/action_dispatch/journey/router.rb:73:in `block in call'
  actionpack (4.1.8) lib/action_dispatch/journey/router.rb:59:in `call'
  actionpack (4.1.8) lib/action_dispatch/routing/route_set.rb:678:in `call'
  warden (1.2.3) lib/warden/manager.rb:35:in `block in call'
  warden (1.2.3) lib/warden/manager.rb:34:in `call'
  rack (1.5.2) lib/rack/etag.rb:23:in `call'
  rack (1.5.2) lib/rack/conditionalget.rb:25:in `call'
  rack (1.5.2) lib/rack/head.rb:11:in `call'
  actionpack (4.1.8) lib/action_dispatch/middleware/params_parser.rb:27:in `call'
  actionpack (4.1.8) lib/action_dispatch/middleware/flash.rb:254:in `call'
  rack (1.5.2) lib/rack/session/abstract/id.rb:225:in `context'
  rack (1.5.2) lib/rack/session/abstract/id.rb:220:in `call'
  actionpack (4.1.8) lib/action_dispatch/middleware/cookies.rb:560:in `call'
  activerecord (4.1.8) lib/active_record/query_cache.rb:36:in `call'
  activerecord (4.1.8) lib/active_record/connection_adapters/abstract/connection_pool.rb:621:in `call'
  activerecord (4.1.8) lib/active_record/migration.rb:380:in `call'
  actionpack (4.1.8) lib/action_dispatch/middleware/callbacks.rb:29:in `block in call'
  activesupport (4.1.8) lib/active_support/callbacks.rb:82:in `run_callbacks'
  actionpack (4.1.8) lib/action_dispatch/middleware/callbacks.rb:27:in `call'
  actionpack (4.1.8) lib/action_dispatch/middleware/reloader.rb:73:in `call'
  actionpack (4.1.8) lib/action_dispatch/middleware/remote_ip.rb:76:in `call'
  better_errors (2.0.0) lib/better_errors/middleware.rb:84:in `protected_app_call'
  better_errors (2.0.0) lib/better_errors/middleware.rb:79:in `better_errors_call'
  better_errors (2.0.0) lib/better_errors/middleware.rb:57:in `call'
  actionpack (4.1.8) lib/action_dispatch/middleware/debug_exceptions.rb:17:in `call'
  actionpack (4.1.8) lib/action_dispatch/middleware/show_exceptions.rb:30:in `call'
  railties (4.1.8) lib/rails/rack/logger.rb:38:in `call_app'
  railties (4.1.8) lib/rails/rack/logger.rb:20:in `block in call'
  activesupport (4.1.8) lib/active_support/tagged_logging.rb:68:in `block in tagged'
  activesupport (4.1.8) lib/active_support/tagged_logging.rb:26:in `tagged'
  activesupport (4.1.8) lib/active_support/tagged_logging.rb:68:in `tagged'
  railties (4.1.8) lib/rails/rack/logger.rb:20:in `call'
  quiet_assets (1.0.3) lib/quiet_assets.rb:23:in `call_with_quiet_assets'
  actionpack (4.1.8) lib/action_dispatch/middleware/request_id.rb:21:in `call'
  rack (1.5.2) lib/rack/methodoverride.rb:21:in `call'
  rack (1.5.2) lib/rack/runtime.rb:17:in `call'
  activesupport (4.1.8) lib/active_support/cache/strategy/local_cache_middleware.rb:26:in `call'
  rack (1.5.2) lib/rack/lock.rb:17:in `call'
  actionpack (4.1.8) lib/action_dispatch/middleware/static.rb:84:in `call'
  rack (1.5.2) lib/rack/sendfile.rb:112:in `call'
  railties (4.1.8) lib/rails/engine.rb:514:in `call'
  railties (4.1.8) lib/rails/application.rb:144:in `call'
  rack (1.5.2) lib/rack/lock.rb:17:in `call'
  rack (1.5.2) lib/rack/content_length.rb:14:in `call'
  rack (1.5.2) lib/rack/handler/webrick.rb:60:in `service'
  /usr/local/lib/ruby/2.1.0/webrick/httpserver.rb:138:in `service'
  /usr/local/lib/ruby/2.1.0/webrick/httpserver.rb:94:in `run'
  /usr/local/lib/ruby/2.1.0/webrick/server.rb:295:in `block in start_thread'



Started POST "/__better_errors/75b6df99da105cd8/variables" for 127.0.0.1 at 2014-12-13 01:02:17 +0800


Started GET "/users/3" for 127.0.0.1 at 2014-12-13 01:02:50 +0800
Processing by UsersController#show as HTML
  Parameters: {"id"=>"3"}
  [1m[35mUser Load (1.1ms)[0m  SELECT  "users".* FROM "users"  WHERE "users"."id" = 3  ORDER BY "users"."id" ASC LIMIT 1
  [1m[36mUser Load (0.5ms)[0m  [1mSELECT  "users".* FROM "users"  WHERE "users"."id" = ? LIMIT 1[0m  [["id", 3]]
  Rendered users/show.html.erb within layouts/application (0.8ms)
  Rendered layouts/_navigation_links.html.erb (0.4ms)
  Rendered layouts/_navigation.html.erb (10.0ms)
  Rendered layouts/_messages.html.erb (0.2ms)
Completed 200 OK in 154ms (Views: 149.4ms | ActiveRecord: 1.6ms)


Started GET "/users/edit" for 127.0.0.1 at 2014-12-13 01:02:54 +0800
Processing by Devise::RegistrationsController#edit as HTML
  [1m[35mUser Load (1.0ms)[0m  SELECT  "users".* FROM "users"  WHERE "users"."id" = 3  ORDER BY "users"."id" ASC LIMIT 1
  Rendered /usr/local/lib/ruby/gems/2.1.0/gems/devise-3.4.1/app/views/devise/registrations/edit.html.erb within layouts/application (6.1ms)
  Rendered layouts/_navigation_links.html.erb (0.6ms)
  Rendered layouts/_navigation.html.erb (13.8ms)
  Rendered layouts/_messages.html.erb (0.2ms)
Completed 200 OK in 155ms (Views: 152.4ms | ActiveRecord: 1.0ms)


Started GET "/users" for 127.0.0.1 at 2014-12-13 01:02:56 +0800
Processing by UsersController#index as HTML
  [1m[36mUser Load (0.9ms)[0m  [1mSELECT  "users".* FROM "users"  WHERE "users"."id" = 3  ORDER BY "users"."id" ASC LIMIT 1[0m
  [1m[35mUser Load (0.6ms)[0m  SELECT "users".* FROM "users"
  Rendered users/_user.html.erb (1.5ms)
  Rendered users/_user.html.erb (0.7ms)
  Rendered users/index.html.erb within layouts/application (27.8ms)
  Rendered layouts/_navigation_links.html.erb (0.4ms)
  Rendered layouts/_navigation.html.erb (10.6ms)
  Rendered layouts/_messages.html.erb (0.1ms)
Completed 200 OK in 215ms (Views: 211.2ms | ActiveRecord: 1.5ms)


Started GET "/" for 127.0.0.1 at 2014-12-13 01:02:58 +0800
Processing by VisitorsController#index as HTML
  [1m[36m (1.2ms)[0m  [1mSELECT COUNT(*) FROM "users"[0m
  Rendered visitors/index.html.erb within layouts/application (3.4ms)
  [1m[35mUser Load (1.0ms)[0m  SELECT  "users".* FROM "users"  WHERE "users"."id" = 3  ORDER BY "users"."id" ASC LIMIT 1
  Rendered layouts/_navigation_links.html.erb (2.6ms)
  Rendered layouts/_navigation.html.erb (12.5ms)
  Rendered layouts/_messages.html.erb (0.1ms)
Completed 200 OK in 147ms (Views: 144.0ms | ActiveRecord: 2.1ms)
